{"/Users/Shalini/Desktop/MMCJestWS/JestDemos/src/calc.js": {"path":"/Users/Shalini/Desktop/MMCJestWS/JestDemos/src/calc.js","statementMap":{"0":{"start":{"line":1,"column":12},"end":{"line":1,"column":22}},"1":{"start":{"line":1,"column":19},"end":{"line":1,"column":22}},"2":{"start":{"line":2,"column":12},"end":{"line":6,"column":1}},"3":{"start":{"line":3,"column":4},"end":{"line":4,"column":15}},"4":{"start":{"line":4,"column":4},"end":{"line":4,"column":15}},"5":{"start":{"line":5,"column":3},"end":{"line":5,"column":15}},"6":{"start":{"line":7,"column":0},"end":{"line":7,"column":28}}},"fnMap":{"0":{"name":"(anonymous_0)","decl":{"start":{"line":1,"column":12},"end":{"line":1,"column":13}},"loc":{"start":{"line":1,"column":19},"end":{"line":1,"column":22}},"line":1},"1":{"name":"(anonymous_1)","decl":{"start":{"line":2,"column":12},"end":{"line":2,"column":13}},"loc":{"start":{"line":2,"column":19},"end":{"line":6,"column":1}},"line":2}},"branchMap":{"0":{"loc":{"start":{"line":3,"column":4},"end":{"line":4,"column":15}},"type":"if","locations":[{"start":{"line":3,"column":4},"end":{"line":4,"column":15}},{"start":{},"end":{}}],"line":3}},"s":{"0":1,"1":1,"2":1,"3":2,"4":1,"5":1,"6":1},"f":{"0":1,"1":2},"b":{"0":[1,1]},"_coverageSchema":"1a1c01bbd47fc00a2c39e90264f33305004495a9","hash":"9543bb00232e1318431f4d324821c9d4bfc70370"}
}
